<?xml version="1.0" encoding="UTF-8"?>
<testsuite xmlns:xsi="http://www.w3.org/2001/XMLSchema-instance" xsi:noNamespaceSchemaLocation="https://maven.apache.org/surefire/maven-surefire-plugin/xsd/surefire-test-report-3.0.xsd" version="3.0" name="at.technikum.paperlessrest.PaperlessRestApplicationTests" time="9.529" tests="1" errors="0" skipped="0" failures="0">
  <properties>
[...]
</properties>
  <testcase name="contextLoads" classname="at.technikum.paperlessrest.PaperlessRestApplicationTests" time="3.287">
    <system-out><![CDATA[16:20:59.542 [main] INFO org.springframework.test.context.support.AnnotationConfigContextLoaderUtils -- Could not detect default configuration classes for test class [at.technikum.paperlessrest.PaperlessRestApplicationTests]: PaperlessRestApplicationTests does not declare any static, non-private, non-final, nested classes annotated with @Configuration.
16:20:59.754 [main] INFO org.springframework.boot.test.context.SpringBootTestContextBootstrapper -- Found @SpringBootConfiguration at.technikum.paperlessrest.PaperlessRestApplication for test class at.technikum.paperlessrest.PaperlessRestApplicationTests
16:21:00.077 [main] INFO org.springframework.boot.devtools.restart.RestartApplicationListener -- Restart disabled due to context in which it is running

  .   ____          _            __ _ _
 /\\ / ___'_ __ _ _(_)_ __  __ _ \ \ \ \
( ( )\___ | '_ | '_| | '_ \/ _` | \ \ \ \
 \\/  ___)| |_)| | | | | || (_| |  ) ) ) )
  '  |____| .__|_| |_|_| |_\__, | / / / /
 =========|_|==============|___/=/_/_/_/

 :: Spring Boot ::                (v3.3.5)

2024-11-14T16:21:00.510+01:00  INFO 10796 --- [           main] a.t.p.PaperlessRestApplicationTests      : Starting PaperlessRestApplicationTests using Java 21.0.1 with PID 10796 (started by helen in C:\Users\helen\OneDrive - FH Technikum Wien\FH\WS2024\SWKOM\SWKOM_WS2024_GroupE\PaperlessREST)
2024-11-14T16:21:00.512+01:00  INFO 10796 --- [           main] a.t.p.PaperlessRestApplicationTests      : No active profile set, falling back to 1 default profile: "default"
2024-11-14T16:21:04.927+01:00  INFO 10796 --- [           main] a.t.p.PaperlessRestApplicationTests      : Started PaperlessRestApplicationTests in 4.869 seconds (process running for 7.401)
]]></system-out>
    <system-err><![CDATA[WARNING: A Java agent has been loaded dynamically (C:\Users\helen\.m2\repository\net\bytebuddy\byte-buddy-agent\1.14.19\byte-buddy-agent-1.14.19.jar)
WARNING: If a serviceability tool is in use, please run with -XX:+EnableDynamicAgentLoading to hide this warning
WARNING: If a serviceability tool is not in use, please run with -Djdk.instrument.traceUsage for more information
WARNING: Dynamic loading of agents will be disallowed by default in a future release
]]></system-err>
  </testcase>
</testsuite>